{"name": "test_purchase", "status": "broken", "statusDetails": {"message": "selenium.common.exceptions.TimeoutException: Message: \nStacktrace:\n\tGetHandleVerifier [0x00007FF7274BB632+29090]\n\t(No symbol) [0x00007FF72742E6E9]\n\t(No symbol) [0x00007FF7272EB1CA]\n\t(No symbol) [0x00007FF72733EFD7]\n\t(No symbol) [0x00007FF72733F22C]\n\t(No symbol) [0x00007FF7273897F7]\n\t(No symbol) [0x00007FF72736672F]\n\t(No symbol) [0x00007FF7273865D9]\n\t(No symbol) [0x00007FF727366493]\n\t(No symbol) [0x00007FF7273309B1]\n\t(No symbol) [0x00007FF727331B11]\n\tGetHandleVerifier [0x00007FF7277D881D+3294093]\n\tGetHandleVerifier [0x00007FF727824403+3604339]\n\tGetHandleVerifier [0x00007FF72781A2C7+3563063]\n\tGetHandleVerifier [0x00007FF727576F16+797318]\n\t(No symbol) [0x00007FF72743986F]\n\t(No symbol) [0x00007FF727435454]\n\t(No symbol) [0x00007FF7274355E0]\n\t(No symbol) [0x00007FF727424A7F]\n\tBaseThreadInitThunk [0x00007FFEC09153E0+16]\n\tRtlUserThreadStart [0x00007FFEC166485B+43]", "trace": "browser = <selenium.webdriver.chrome.webdriver.WebDriver (session=\"d4aa9b0cb82678c75f1d18f102f9a53e\")>\n\n    def test_purchase(browser):\n        wait = WebDriverWait(browser, 10)\n    \n        browser.get(\"https://www.saucedemo.com/\")\n        time.sleep(2)\n    \n        user_name = wait.until(EC.presence_of_element_located((By.ID, \"user-name\")))\n        user_name.send_keys(\"standard_user\")\n    \n        password = wait.until(EC.presence_of_element_located((By.ID, \"password\")))\n        password.send_keys(\"secret_sauce\")\n    \n        login_button = wait.until(EC.element_to_be_clickable((By.ID, \"login-button\")))\n        login_button.click()\n        time.sleep(2)\n    \n        backpack_button = wait.until(EC.element_to_be_clickable((By.ID, \"add-to-cart-sauce-labs-backpack\")))\n        backpack_button.click()\n        time.sleep(1)\n    \n        bolt_tshirt_button = wait.until(EC.element_to_be_clickable((By.ID, \"add-to-cart-sauce-labs-bolt-t-shirt\")))\n        bolt_tshirt_button.click()\n        time.sleep(1)\n    \n        onesie_button = wait.until(EC.element_to_be_clickable((By.ID, \"add-to-cart-sauce-labs-onesie\")))\n        onesie_button.click()\n        time.sleep(1)\n    \n        cart_button = wait.until(EC.element_to_be_clickable((By.CSS_SELECTOR, \".shopping_cart_link\")))\n        cart_button.click()\n        time.sleep(2)\n    \n        checkout_button = wait.until(EC.element_to_be_clickable((By.ID, \"checkout\")))\n        checkout_button.click()\n        time.sleep(2)\n    \n        first_name = wait.until(EC.presence_of_element_located((By.ID, \"first-name\")))\n        first_name.send_keys(\"Борис\")\n    \n        last_name = wait.until(EC.presence_of_element_located((By.ID, \"last-name\")))\n        last_name.send_keys(\"Барансикй\")\n    \n        postal_code = wait.until(EC.presence_of_element_located((By.ID, \"postal-code\")))\n        postal_code.send_keys(\"300541\")\n    \n        # Проверка, что поля заполнены\n        assert first_name.get_attribute(\"value\"), \"Поле 'Имя' не заполнено\"\n        assert last_name.get_attribute(\"value\"), \"Поле 'Фамилия' не заполнено\"\n        assert postal_code.get_attribute(\"value\"), \"Поле 'Почтовый индекс' не заполнено\"\n    \n        continue_button = wait.until(EC.element_to_be_clickable((By.ID, \"continue\")))\n        continue_button.click()\n        time.sleep(2)\n    \n        finish_button = wait.until(EC.element_to_be_clickable((By.ID, \"finish\")))\n        finish_button.click()\n        time.sleep(2)\n    \n>       total_label = wait.until(EC.presence_of_element_located((By.CSS_SELECTOR, \".summary_info_label.summary_total_label\")))\n\nlesson6.1\\test_buy_mag.py:72: \n_ _ _ _ _ _ _ _ _ _ _ _ _ _ _ _ _ _ _ _ _ _ _ _ _ _ _ _ _ _ _ _ _ _ _ _ _ _ _ _ _ _ _ _ _ _ _ _ _ _ _ _ _ _ _ _ _ _ _ _ _ _ _ _ _ _ _ _ _ _ _ _ _ _ _ _ _ _ _ _ _ _ _ _ _ _ _ _ _ _ _ _ _ _ _ _ _ _ _ _ _ _ _ _ _ _ _ _ _ _ _ _ _ _ _ _ _ _ \n\nself = <selenium.webdriver.support.wait.WebDriverWait (session=\"d4aa9b0cb82678c75f1d18f102f9a53e\")>, method = <function presence_of_element_located.<locals>._predicate at 0x0000020D1AB49120>, message = ''\n\n    def until(self, method: Callable[[D], Union[Literal[False], T]], message: str = \"\") -> T:\n        \"\"\"Calls the method provided with the driver as an argument until the \\\n        return value does not evaluate to ``False``.\n    \n        :param method: callable(WebDriver)\n        :param message: optional message for :exc:`TimeoutException`\n        :returns: the result of the last call to `method`\n        :raises: :exc:`selenium.common.exceptions.TimeoutException` if timeout occurs\n        \"\"\"\n        screen = None\n        stacktrace = None\n    \n        end_time = time.monotonic() + self._timeout\n        while True:\n            try:\n                value = method(self._driver)\n                if value:\n                    return value\n            except self._ignored_exceptions as exc:\n                screen = getattr(exc, \"screen\", None)\n                stacktrace = getattr(exc, \"stacktrace\", None)\n            time.sleep(self._poll)\n            if time.monotonic() > end_time:\n                break\n>       raise TimeoutException(message, screen, stacktrace)\nE       selenium.common.exceptions.TimeoutException: Message: \nE       Stacktrace:\nE       \tGetHandleVerifier [0x00007FF7274BB632+29090]\nE       \t(No symbol) [0x00007FF72742E6E9]\nE       \t(No symbol) [0x00007FF7272EB1CA]\nE       \t(No symbol) [0x00007FF72733EFD7]\nE       \t(No symbol) [0x00007FF72733F22C]\nE       \t(No symbol) [0x00007FF7273897F7]\nE       \t(No symbol) [0x00007FF72736672F]\nE       \t(No symbol) [0x00007FF7273865D9]\nE       \t(No symbol) [0x00007FF727366493]\nE       \t(No symbol) [0x00007FF7273309B1]\nE       \t(No symbol) [0x00007FF727331B11]\nE       \tGetHandleVerifier [0x00007FF7277D881D+3294093]\nE       \tGetHandleVerifier [0x00007FF727824403+3604339]\nE       \tGetHandleVerifier [0x00007FF72781A2C7+3563063]\nE       \tGetHandleVerifier [0x00007FF727576F16+797318]\nE       \t(No symbol) [0x00007FF72743986F]\nE       \t(No symbol) [0x00007FF727435454]\nE       \t(No symbol) [0x00007FF7274355E0]\nE       \t(No symbol) [0x00007FF727424A7F]\nE       \tBaseThreadInitThunk [0x00007FFEC09153E0+16]\nE       \tRtlUserThreadStart [0x00007FFEC166485B+43]\n\n..\\..\\..\\AppData\\Local\\Programs\\Python\\Python312\\Lib\\site-packages\\selenium\\webdriver\\support\\wait.py:105: TimeoutException"}, "start": 1724499890075, "stop": 1724499916766, "uuid": "bb6d4615-fce5-4dab-930d-d454fd24f446", "historyId": "d9d4f1ee795ca98a090cf1dd0fb76b95", "testCaseId": "d9d4f1ee795ca98a090cf1dd0fb76b95", "fullName": "lesson6.1.test_buy_mag#test_purchase", "labels": [{"name": "parentSuite", "value": "lesson6.1"}, {"name": "suite", "value": "test_buy_mag"}, {"name": "host", "value": "DESKTOP-F4GKLN3"}, {"name": "thread", "value": "11664-MainThread"}, {"name": "framework", "value": "pytest"}, {"name": "language", "value": "cpython3"}, {"name": "package", "value": "lesson6.1.test_buy_mag"}]}